 Registered Module  : EnterData
 Registered Instance: EnterData
 Instance ID        :            1
 
 
Stop Watch File
Keyword: OUTWATCH not found

 Registered Instance: EnterData
 Instance ID        :            1
 Registered Module  : Model
 Registered Instance: Model
 Instance ID        :            1
 Registered Instance: EnterData
 Instance ID        :            1
 Registered Instance: EnterData
 Instance ID        :            1
 Registered Module  : Time
 Registered Instance: Time
 Instance ID        :            1
 Registered Instance: EnterData
 Instance ID        :            2
 Registered Module  : HorizontalGrid
 Registered Instance: HorizontalGrid
 Instance ID        :            1
 Registered Instance: EnterData
 Instance ID        :            2
 Registered Module  : GridData
 Registered Instance: GridData
 Instance ID        :            1
 Registered Instance: EnterData
 Instance ID        :            1
 Registered Module  : HorizontalMap
 Registered Instance: HorizontalMap
 Instance ID        :            1
 Registered Module  : Geometry
 Registered Instance: Geometry
 Instance ID        :            1
 Registered Instance: EnterData
 Instance ID        :            1
 Registered Instance: EnterData
 Instance ID        :            1
 Registered Instance: EnterData
 Instance ID        :            1
 Registered Module  : Map
 Registered Instance: Map
 Instance ID        :            1
 Registered Module  : Turbulence
 Registered Instance: Turbulence
 Instance ID        :            1
 Registered Instance: EnterData
 Instance ID        :            1
 Registered Instance: EnterData
 Instance ID        :            1
 Registered Instance: EnterData
 Instance ID        :            1
 Registered Module  : TurbGOTM
 Registered Instance: TurbGOTM
 Instance ID        :            1
 Registered Instance: EnterData
 Instance ID        :            2
 Registered Instance: EnterData
 Instance ID        :            2
 Registered Instance: EnterData
 Instance ID        :            2
 Registered Instance: HDF5
 Instance ID        :            1
 Registered Instance: HDF5
 Instance ID        :            1
 Registered Module  : TwoWay
 Registered Instance: TwoWay
 Instance ID        :            1
 Registered Module  : Hydrodynamic
 Registered Instance: Hydrodynamic
 Instance ID        :            1
 Registered Instance: EnterData
 Instance ID        :            1
 Registered Instance: EnterData
 Instance ID        :            1
 Registered Instance: EnterData
 Instance ID        :            1
 Registered Instance: EnterData
 Instance ID        :            1
 Registered Instance: EnterData
 Instance ID        :            1
 Registered Instance: EnterData
 Instance ID        :            1
 Registered Instance: HDF5
 Instance ID        :            2
 Registered Instance: HDF5
 Instance ID        :            3
 Registered Module  : OpenBoundary
 Registered Instance: OpenBoundary
 Instance ID        :            1
 Registered Instance: HDF5
 Instance ID        :            4
 Registered Instance: HDF5
 Instance ID        :            5
 Registered Module  : Assimilation
 Registered Instance: Assimilation
 Instance ID        :            1
 Registered Instance: EnterData
 Instance ID        :            2
 Registered Instance: EnterData
 Instance ID        :            2
 Registered Instance: EnterData
 Instance ID        :            2
 Registered Module  : FillMatrix
 Registered Instance: FillMatrix
 Instance ID        :            1
 Registered Instance: EnterData
 Instance ID        :            3
 Registered Instance: HorizontalGrid
 Instance ID        :            2
 Registered Instance: EnterData
 Instance ID        :            3
 Registered Module  : Field4D
 Registered Instance: Field4D
 Instance ID        :            1
 Registered Instance: HDF5
 Instance ID        :            4
 Registered Instance: HorizontalGrid
 Instance ID        :            2
 Registered Instance: GridData
 Instance ID        :            2
 Registered Instance: HorizontalMap
 Instance ID        :            2
 Registered Instance: FillMatrix
 Instance ID        :            2
 Registered Instance: FillMatrix
 Instance ID        :            2
 Registered Instance: EnterData
 Instance ID        :            3
 Registered Instance: HorizontalGrid
 Instance ID        :            3
 Registered Instance: EnterData
 Instance ID        :            3
 Registered Instance: Field4D
 Instance ID        :            2
 Registered Instance: HDF5
 Instance ID        :            5
 Registered Instance: HorizontalGrid
 Instance ID        :            3
 Registered Instance: GridData
 Instance ID        :            3
 Registered Instance: HorizontalMap
 Instance ID        :            3
 Registered Instance: Geometry
 Instance ID        :            2
 Registered Instance: Map
 Instance ID        :            2
 Registered Instance: FillMatrix
 Instance ID        :            3
 Registered Instance: FillMatrix
 Instance ID        :            3
 Registered Instance: EnterData
 Instance ID        :            3
 Registered Instance: HorizontalGrid
 Instance ID        :            4
 Registered Instance: EnterData
 Instance ID        :            3
 Registered Instance: Field4D
 Instance ID        :            3
 Registered Instance: HDF5
 Instance ID        :            6
 Registered Instance: HorizontalGrid
 Instance ID        :            4
 Registered Instance: GridData
 Instance ID        :            4
 Registered Instance: HorizontalMap
 Instance ID        :            4
 Registered Instance: Geometry
 Instance ID        :            3
 Registered Instance: Map
 Instance ID        :            3
 Registered Instance: FillMatrix
 Instance ID        :            4
 Registered Instance: FillMatrix
 Instance ID        :            4
 Registered Instance: EnterData
 Instance ID        :            3
 Registered Instance: HorizontalGrid
 Instance ID        :            5
 Registered Instance: EnterData
 Instance ID        :            3
 Registered Instance: Field4D
 Instance ID        :            4
 Registered Instance: HDF5
 Instance ID        :            7
 Registered Instance: HorizontalGrid
 Instance ID        :            5
 Registered Instance: GridData
 Instance ID        :            5
 Registered Instance: HorizontalMap
 Instance ID        :            5
 Registered Instance: Geometry
 Instance ID        :            4
 Registered Instance: Map
 Instance ID        :            4
 Registered Instance: FillMatrix
 Instance ID        :            5
 Registered Instance: FillMatrix
 Instance ID        :            5
 Registered Instance: EnterData
 Instance ID        :            3
 Registered Instance: HorizontalGrid
 Instance ID        :            6
 Registered Instance: EnterData
 Instance ID        :            3
 Registered Instance: Field4D
 Instance ID        :            5
 Registered Instance: HDF5
 Instance ID        :            8
 Registered Instance: HorizontalGrid
 Instance ID        :            6
 Registered Instance: GridData
 Instance ID        :            6
 Registered Instance: HorizontalMap
 Instance ID        :            6
 Registered Instance: Geometry
 Instance ID        :            5
 Registered Instance: Map
 Instance ID        :            5
 Registered Instance: FillMatrix
 Instance ID        :            6
 Registered Instance: FillMatrix
 Instance ID        :            6
 Registered Instance: EnterData
 Instance ID        :            3
 Registered Instance: HorizontalGrid
 Instance ID        :            7
 Registered Instance: EnterData
 Instance ID        :            3
 Registered Instance: Field4D
 Instance ID        :            6
 Registered Instance: HDF5
 Instance ID        :            9
 Registered Instance: HorizontalGrid
 Instance ID        :            7
 Registered Instance: GridData
 Instance ID        :            7
 Registered Instance: HorizontalMap
 Instance ID        :            7
 Registered Instance: Geometry
 Instance ID        :            6
 Registered Instance: Map
 Instance ID        :            6
 Registered Instance: FillMatrix
 Instance ID        :            6
 Registered Instance: FillMatrix
 Instance ID        :            6
 Registered Instance: EnterData
 Instance ID        :            3
 Registered Instance: HorizontalGrid
 Instance ID        :            7
 Registered Instance: EnterData
 Instance ID        :            3
 Registered Instance: Field4D
 Instance ID        :            6
 Registered Instance: HDF5
 Instance ID        :            9
 Registered Instance: HorizontalGrid
 Instance ID        :            7
 Registered Instance: GridData
 Instance ID        :            7
 Registered Instance: HorizontalMap
 Instance ID        :            7
 Registered Instance: Geometry
 Instance ID        :            6
 Registered Instance: Map
 Instance ID        :            6
 Registered Instance: FillMatrix
 Instance ID        :            6
 Registered Instance: FillMatrix
 Instance ID        :            6
 Registered Instance: EnterData
 Instance ID        :            3
 Registered Instance: HorizontalGrid
 Instance ID        :            7
 Registered Instance: EnterData
 Instance ID        :            3
 Registered Instance: Field4D
 Instance ID        :            6
 Registered Instance: HDF5
 Instance ID        :            9
 Registered Instance: HorizontalGrid
 Instance ID        :            7
 Registered Instance: GridData
 Instance ID        :            7
 Registered Instance: HorizontalMap
 Instance ID        :            7
 Registered Instance: Geometry
 Instance ID        :            6
 Registered Instance: Map
 Instance ID        :            6
 Registered Instance: FillMatrix
 Instance ID        :            6
 Registered Instance: FillMatrix
 Instance ID        :            6
 Registered Instance: EnterData
 Instance ID        :            3
 Registered Instance: HorizontalGrid
 Instance ID        :            7
 Registered Instance: EnterData
 Instance ID        :            3
 Registered Instance: Field4D
 Instance ID        :            6
 Registered Instance: HDF5
 Instance ID        :            9
 Registered Instance: HorizontalGrid
 Instance ID        :            7
 Registered Instance: GridData
 Instance ID        :            7
 Registered Instance: HorizontalMap
 Instance ID        :            7
 Registered Instance: Geometry
 Instance ID        :            6
 Registered Instance: Map
 Instance ID        :            6
 Registered Instance: FillMatrix
 Instance ID        :            6
 Registered Instance: HDF5
 Instance ID        :            9
 Registered Module  : WaterProperties
 Registered Instance: WaterProperties
 Instance ID        :            1
 Registered Instance: EnterData
 Instance ID        :            1
 Registered Instance: EnterData
 Instance ID        :            1
 Registered Instance: EnterData
 Instance ID        :            1
 Registered Instance: EnterData
 Instance ID        :            1
 Registered Instance: EnterData
 Instance ID        :            1
 Registered Instance: HDF5
 Instance ID        :           10
 Registered Instance: HDF5
 Instance ID        :           10
 Registered Instance: HDF5
 Instance ID        :           10
 Registered Instance: HDF5
 Instance ID        :           10
 Registered Instance: HDF5
 Instance ID        :           10
 Registered Instance: HDF5
 Instance ID        :           10
 Registered Instance: HDF5
 Instance ID        :           10
 Registered Instance: HDF5
 Instance ID        :           10
 Registered Instance: HDF5
 Instance ID        :           10
 Registered Instance: HDF5
 Instance ID        :           10
 Registered Instance: HDF5
 Instance ID        :           10
 Registered Instance: HDF5
 Instance ID        :           10
 Registered Instance: HDF5
 Instance ID        :           10
 Registered Instance: HDF5
 Instance ID        :           10
 Registered Instance: HDF5
 Instance ID        :           10
 Registered Instance: HDF5
 Instance ID        :           10
 Registered Instance: HDF5
 Instance ID        :           11
 Registered Module  : AdvectionDiffusion
 Registered Instance: AdvectionDiffusion
 Instance ID        :            1
 Registered Module  : LightExtinction
 Registered Instance: LightExtinction
 Instance ID        :            1
 Registered Module  : Interface
 Registered Instance: Interface
 Instance ID        :            1
 Registered Instance: EnterData
 Instance ID        :            2
 Registered Module  : WaterQuality
 Registered Instance: WaterQuality
 Instance ID        :            1
 Registered Instance: EnterData
 Instance ID        :            2
 Registered Module  : FreeVerticalMovement
 Registered Instance: FreeVerticalMovement
 Instance ID        :            1
 Registered Instance: EnterData
 Instance ID        :            2
 Registered Instance: EnterData
 Instance ID        :            2
 Registered Module  : InterfaceWaterSediment
 Registered Instance: InterfaceWaterSediment
 Instance ID        :            1
 Registered Instance: EnterData
 Instance ID        :            1
 Registered Instance: EnterData
 Instance ID        :            1
 Registered Instance: EnterData
 Instance ID        :            1
 Registered Instance: EnterData
 Instance ID        :            1
 Registered Instance: EnterData
 Instance ID        :            1
 Registered Instance: FillMatrix
 Instance ID        :            6
 Registered Instance: FillMatrix
 Instance ID        :            6
 Registered Instance: FillMatrix
 Instance ID        :            6
 Registered Instance: FillMatrix
 Instance ID        :            6
 Registered Module  : Atmosphere
 Registered Instance: Atmosphere
 Instance ID        :            1
 Registered Instance: EnterData
 Instance ID        :            1
 Registered Instance: EnterData
 Instance ID        :            1
 Registered Instance: EnterData
 Instance ID        :            1
 Registered Instance: FillMatrix
 Instance ID        :            6
 Registered Instance: EnterData
 Instance ID        :            2
 Registered Instance: HorizontalGrid
 Instance ID        :            7
 Registered Instance: EnterData
 Instance ID        :            2
 Registered Instance: Field4D
 Instance ID        :            6
 Registered Instance: HDF5
 Instance ID        :           12
 Registered Instance: HorizontalGrid
 Instance ID        :            7
 Registered Instance: GridData
 Instance ID        :            7
 Registered Instance: HorizontalMap
 Instance ID        :            7
 Registered Instance: EnterData
 Instance ID        :            2
 Registered Instance: HorizontalGrid
 Instance ID        :            8
 Registered Instance: EnterData
 Instance ID        :            2
 Registered Instance: Field4D
 Instance ID        :            7
 Registered Instance: HDF5
 Instance ID        :           13
 Registered Instance: HorizontalGrid
 Instance ID        :            8
 Registered Instance: GridData
 Instance ID        :            8
 Registered Instance: HorizontalMap
 Instance ID        :            8
 Registered Instance: FillMatrix
 Instance ID        :            7
 Registered Instance: EnterData
 Instance ID        :            2
 Registered Instance: HorizontalGrid
 Instance ID        :            9
 Registered Instance: EnterData
 Instance ID        :            2
 Registered Instance: Field4D
 Instance ID        :            8
 Registered Instance: HDF5
 Instance ID        :           14
 Registered Instance: HorizontalGrid
 Instance ID        :            9
 Registered Instance: GridData
 Instance ID        :            9
 Registered Instance: HorizontalMap
 Instance ID        :            9
 Registered Instance: FillMatrix
 Instance ID        :            8
 Registered Instance: EnterData
 Instance ID        :            2
 Registered Instance: HorizontalGrid
 Instance ID        :           10
 Registered Instance: EnterData
 Instance ID        :            2
 Registered Instance: Field4D
 Instance ID        :            9
 Registered Instance: HDF5
 Instance ID        :           15
 Registered Instance: HorizontalGrid
 Instance ID        :           10
 Registered Instance: GridData
 Instance ID        :           10
 Registered Instance: HorizontalMap
 Instance ID        :           10
 Registered Instance: FillMatrix
 Instance ID        :            9
 Registered Instance: EnterData
 Instance ID        :            2
 Registered Instance: HorizontalGrid
 Instance ID        :           11
 Registered Instance: EnterData
 Instance ID        :            2
 Registered Instance: Field4D
 Instance ID        :           10
 Registered Instance: HDF5
 Instance ID        :           16
 Registered Instance: HorizontalGrid
 Instance ID        :           11
 Registered Instance: GridData
 Instance ID        :           11
 Registered Instance: HorizontalMap
 Instance ID        :           11
 Registered Instance: FillMatrix
 Instance ID        :           10
 Registered Instance: EnterData
 Instance ID        :            2
 Registered Instance: HorizontalGrid
 Instance ID        :           12
 Registered Instance: EnterData
 Instance ID        :            2
 Registered Instance: Field4D
 Instance ID        :           11
 Registered Instance: HDF5
 Instance ID        :           17
 Registered Instance: HorizontalGrid
 Instance ID        :           12
 Registered Instance: GridData
 Instance ID        :           12
 Registered Instance: HorizontalMap
 Instance ID        :           12
 Registered Instance: FillMatrix
 Instance ID        :           11
 Registered Instance: EnterData
 Instance ID        :            2
 Registered Instance: HorizontalGrid
 Instance ID        :           13
 Registered Instance: EnterData
 Instance ID        :            2
 Registered Instance: Field4D
 Instance ID        :           12
 Registered Instance: HDF5
 Instance ID        :           18
 Registered Instance: HorizontalGrid
 Instance ID        :           13
 Registered Instance: GridData
 Instance ID        :           13
 Registered Instance: HorizontalMap
 Instance ID        :           13
 Registered Instance: FillMatrix
 Instance ID        :           12
 Registered Instance: EnterData
 Instance ID        :            2
 Registered Instance: HorizontalGrid
 Instance ID        :           14
 Registered Instance: EnterData
 Instance ID        :            2
 Registered Instance: Field4D
 Instance ID        :           13
 Registered Instance: HDF5
 Instance ID        :           19
 Registered Instance: HorizontalGrid
 Instance ID        :           14
 Registered Instance: GridData
 Instance ID        :           14
 Registered Instance: HorizontalMap
 Instance ID        :           14
 Registered Instance: FillMatrix
 Instance ID        :           13
 Registered Instance: EnterData
 Instance ID        :            2
 Registered Instance: HorizontalGrid
 Instance ID        :           15
 Registered Instance: EnterData
 Instance ID        :            2
 Registered Instance: Field4D
 Instance ID        :           14
 Registered Instance: HDF5
 Instance ID        :           20
 Registered Instance: HorizontalGrid
 Instance ID        :           15
 Registered Instance: GridData
 Instance ID        :           15
 Registered Instance: HorizontalMap
 Instance ID        :           15
 Registered Instance: HDF5
 Instance ID        :           21
 Registered Module  : InterfaceWaterAir
 Registered Instance: InterfaceWaterAir
 Instance ID        :            1
 Registered Instance: EnterData
 Instance ID        :            1
 Registered Instance: EnterData
 Instance ID        :            1
 Registered Instance: EnterData
 Instance ID        :            1
 Registered Instance: FillMatrix
 Instance ID        :           14
 Registered Instance: FillMatrix
 Instance ID        :           14
 Registered Instance: FillMatrix
 Instance ID        :           14
 Registered Instance: FillMatrix
 Instance ID        :           14
 Registered Instance: FillMatrix
 Instance ID        :           14
 Registered Instance: FillMatrix
 Instance ID        :           14
 Registered Instance: FillMatrix
 Instance ID        :           14
 Registered Instance: FillMatrix
 Instance ID        :           14
 Registered Instance: FillMatrix
 Instance ID        :           14
 Registered Instance: FillMatrix
 Instance ID        :           14
 Registered Instance: EnterData
 Instance ID        :            2
 Registered Instance: HorizontalGrid
 Instance ID        :           16
 Registered Instance: EnterData
 Instance ID        :            2
 Registered Instance: Field4D
 Instance ID        :           15
 Registered Instance: HDF5
 Instance ID        :           22
 Registered Instance: HorizontalGrid
 Instance ID        :           16
 Registered Instance: GridData
 Instance ID        :           16
 Registered Instance: HorizontalMap
 Instance ID        :           16
 Registered Instance: FillMatrix
 Instance ID        :           15
 Registered Instance: FillMatrix
 Instance ID        :           15
 Registered Instance: EnterData
 Instance ID        :            2
 Registered Instance: HorizontalGrid
 Instance ID        :           17
 Registered Instance: EnterData
 Instance ID        :            2
 Registered Instance: Field4D
 Instance ID        :           16
 Registered Instance: HDF5
 Instance ID        :           23
 Registered Instance: HorizontalGrid
 Instance ID        :           17
 Registered Instance: GridData
 Instance ID        :           17
 Registered Instance: HorizontalMap
 Instance ID        :           17
 Registered Instance: FillMatrix
 Instance ID        :           16
 Registered Instance: FillMatrix
 Instance ID        :           16
 Registered Instance: HDF5
 Instance ID        :           24
