
F:\Aplica_OP\Work\CMEMS\GLOBAL_ANALYSIS_FORECAST_PHY\CMEMS_Download>python motu-client-python/motu-client.py -u gfranz -p Guilherme@CMEMS2015 -m http://nrtcmems.mercator-ocean.fr/motu-web/Motu -s GLOBAL_ANALYSIS_FORECAST_PHY_001_024-TDS -d global-analysis-forecast-phy-001-024 -x -50.69 -X -38.36 -y -30.81 -Y -20.55 -t "2019-03-07  12:00:00" -T "2019-03-09  12:00:00" -z 0.494 -Z 5727.9171 -v zos -v so -v thetao -v uo -v vo -o ..\CMEMS_Download -f Plataforma_SE.nc 
2019-03-05 12:51:43.962 [WARNING] "motu-client" module is deprecated since version1.8. A new Python module named "motuclient" without a dash separator between motu and client shall be used instead of "motu-client".
2019-03-05 12:51:43.965 [ INFO] Asynchronous mode set
2019-03-05 12:51:43.967 [ INFO] Authenticating user gfranz for service http://nrtcmems.mercator-ocean.fr/motu-web/Motu
2019-03-05 12:51:48.250 [ INFO] Requesting file to download (this can take a while)...
2019-03-05 12:51:49.399 [ INFO] Authenticating user gfranz for service http://nrtcmems.mercator-ocean.fr/motu-web/Motu
2019-03-05 12:51:54.900 [ INFO] The product is ready for download
2019-03-05 12:51:54.900 [ INFO] Downloading file (this can take a while)...
2019-03-05 12:51:55.417 [ INFO] File type: application/x-netcdf
2019-03-05 12:51:55.418 [ INFO] File size: 22.3 MB (22287240 B)
2019-03-05 12:51:55.418 [ INFO] Downloading file F:\Aplica_OP\Work\CMEMS\GLOBAL_ANALYSIS_FORECAST_PHY\CMEMS_Download\Plataforma_SE.nc
2019-03-05 12:51:57.199 [ INFO] -  22.3 MB (1.2%)
2019-03-05 12:51:57.708 [ INFO] -  22.3 MB (2.4%)
2019-03-05 12:51:57.968 [ INFO] -  22.3 MB (3.5%)
2019-03-05 12:51:58.474 [ INFO] -  22.3 MB (4.7%)
2019-03-05 12:51:58.477 [ INFO] -  22.3 MB (5.9%)
2019-03-05 12:51:58.731 [ INFO] -  22.3 MB (7.1%)
2019-03-05 12:51:58.984 [ INFO] -  22.3 MB (8.2%)
2019-03-05 12:51:59.238 [ INFO] -  22.3 MB (9.4%)
2019-03-05 12:51:59.489 [ INFO] -  22.3 MB (10.6%)
2019-03-05 12:51:59.741 [ INFO] -  22.3 MB (11.8%)
2019-03-05 12:51:59.761 [ INFO] -  22.3 MB (12.9%)
2019-03-05 12:52:00.013 [ INFO] -  22.3 MB (14.1%)
2019-03-05 12:52:00.264 [ INFO] -  22.3 MB (15.3%)
2019-03-05 12:52:00.515 [ INFO] -  22.3 MB (16.5%)
2019-03-05 12:52:00.763 [ INFO] -  22.3 MB (17.6%)
2019-03-05 12:52:00.789 [ INFO] -  22.3 MB (18.8%)
2019-03-05 12:52:01.037 [ INFO] -  22.3 MB (20.0%)
2019-03-05 12:52:01.284 [ INFO] -  22.3 MB (21.2%)
2019-03-05 12:52:01.524 [ INFO] -  22.3 MB (22.3%)
2019-03-05 12:52:01.555 [ INFO] -  22.3 MB (23.5%)
2019-03-05 12:52:01.801 [ INFO] -  22.3 MB (24.7%)
2019-03-05 12:52:02.053 [ INFO] -  22.3 MB (25.9%)
2019-03-05 12:52:02.076 [ INFO] -  22.3 MB (27.1%)
2019-03-05 12:52:02.329 [ INFO] -  22.3 MB (28.2%)
2019-03-05 12:52:02.595 [ INFO] -  22.3 MB (29.4%)
2019-03-05 12:52:03.123 [ INFO] -  22.3 MB (30.6%)
2019-03-05 12:52:03.383 [ INFO] -  22.3 MB (31.8%)
2019-03-05 12:52:03.387 [ INFO] -  22.3 MB (32.9%)
2019-03-05 12:52:03.650 [ INFO] -  22.3 MB (34.1%)
2019-03-05 12:52:03.909 [ INFO] -  22.3 MB (35.3%)
2019-03-05 12:52:04.191 [ INFO] -  22.3 MB (36.5%)
2019-03-05 12:52:04.445 [ INFO] -  22.3 MB (37.6%)
2019-03-05 12:52:04.701 [ INFO] -  22.3 MB (38.8%)
2019-03-05 12:52:04.959 [ INFO] -  22.3 MB (40.0%)
2019-03-05 12:52:05.203 [ INFO] -  22.3 MB (41.2%)
2019-03-05 12:52:05.287 [ INFO] -  22.3 MB (42.3%)
2019-03-05 12:52:05.545 [ INFO] -  22.3 MB (43.5%)
2019-03-05 12:52:05.797 [ INFO] -  22.3 MB (44.7%)
2019-03-05 12:52:06.046 [ INFO] -  22.3 MB (45.9%)
2019-03-05 12:52:06.302 [ INFO] -  22.3 MB (47.0%)
2019-03-05 12:52:06.564 [ INFO] -  22.3 MB (48.2%)
2019-03-05 12:52:06.799 [ INFO] -  22.3 MB (49.4%)
2019-03-05 12:52:06.906 [ INFO] -  22.3 MB (50.6%)
2019-03-05 12:52:07.152 [ INFO] -  22.3 MB (51.8%)
2019-03-05 12:52:07.385 [ INFO] -  22.3 MB (52.9%)
2019-03-05 12:52:07.631 [ INFO] -  22.3 MB (54.1%)
2019-03-05 12:52:07.883 [ INFO] -  22.3 MB (55.3%)
2019-03-05 12:52:08.122 [ INFO] -  22.3 MB (56.5%)
2019-03-05 12:52:08.221 [ INFO] -  22.3 MB (57.6%)
2019-03-05 12:52:08.472 [ INFO] -  22.3 MB (58.8%)
2019-03-05 12:52:08.721 [ INFO] -  22.3 MB (60.0%)
2019-03-05 12:52:08.972 [ INFO] -  22.3 MB (61.2%)
2019-03-05 12:52:09.210 [ INFO] -  22.3 MB (62.3%)
2019-03-05 12:52:09.442 [ INFO] -  22.3 MB (63.5%)
2019-03-05 12:52:09.543 [ INFO] -  22.3 MB (64.7%)
2019-03-05 12:52:09.775 [ INFO] -  22.3 MB (65.9%)
2019-03-05 12:52:10.020 [ INFO] -  22.3 MB (67.0%)
2019-03-05 12:52:10.264 [ INFO] -  22.3 MB (68.2%)
2019-03-05 12:52:10.505 [ INFO] -  22.3 MB (69.4%)
2019-03-05 12:52:10.699 [ INFO] -  22.3 MB (70.6%)
2019-03-05 12:52:10.842 [ INFO] -  22.3 MB (71.7%)
2019-03-05 12:52:11.079 [ INFO] -  22.3 MB (72.9%)
2019-03-05 12:52:11.327 [ INFO] -  22.3 MB (74.1%)
2019-03-05 12:52:11.633 [ INFO] -  22.3 MB (75.3%)
2019-03-05 12:52:11.734 [ INFO] -  22.3 MB (76.5%)
2019-03-05 12:52:11.878 [ INFO] -  22.3 MB (77.6%)
2019-03-05 12:52:12.118 [ INFO] -  22.3 MB (78.8%)
2019-03-05 12:52:12.328 [ INFO] -  22.3 MB (80.0%)
2019-03-05 12:52:12.406 [ INFO] -  22.3 MB (81.2%)
2019-03-05 12:52:12.654 [ INFO] -  22.3 MB (82.3%)
2019-03-05 12:52:12.876 [ INFO] -  22.3 MB (83.5%)
2019-03-05 12:52:13.035 [ INFO] -  22.3 MB (84.7%)
2019-03-05 12:52:13.175 [ INFO] -  22.3 MB (85.9%)
2019-03-05 12:52:13.388 [ INFO] -  22.3 MB (87.0%)
2019-03-05 12:52:13.547 [ INFO] -  22.3 MB (88.2%)
2019-03-05 12:52:13.712 [ INFO] -  22.3 MB (89.4%)
2019-03-05 12:52:13.981 [ INFO] -  22.3 MB (90.6%)
2019-03-05 12:52:14.061 [ INFO] -  22.3 MB (91.7%)
2019-03-05 12:52:14.235 [ INFO] -  22.3 MB (92.9%)
2019-03-05 12:52:14.482 [ INFO] -  22.3 MB (94.1%)
2019-03-05 12:52:14.708 [ INFO] -  22.3 MB (95.3%)
2019-03-05 12:52:14.915 [ INFO] -  22.3 MB (96.4%)
2019-03-05 12:52:15.116 [ INFO] -  22.3 MB (97.6%)
2019-03-05 12:52:15.262 [ INFO] -  22.3 MB (98.8%)
2019-03-05 12:52:15.486 [ INFO] -  22.3 MB (100.0%)
2019-03-05 12:52:15.498 [ INFO] -  22.3 MB (100.0%)
2019-03-05 12:52:15.498 [ INFO] Processing  time : 0:00:11.452985
2019-03-05 12:52:15.498 [ INFO] Downloading time : 0:00:20.080262
2019-03-05 12:52:15.498 [ INFO] Total time       : 0:00:31.533247
2019-03-05 12:52:15.498 [ INFO] Download rate    : 1.1 MB/s
2019-03-05 12:52:15.499 [ INFO] Done
