 -------------------------- MOHID -------------------------
 
       AUTHOR   : IST/MARETEC, Marine Modelling Group      
       WWW      : http://www.mohid.com
 
 
 Copyright (C) 1985, 1998, 2002, 2006.
 Instituto Superior Tecnico, Technical University of Lisbon
 -------------------------- MOHID -------------------------
 
 Constructing ConvertToHDF5
 Please Wait...
 
 Running ConvertToHDF5...
 
 INTERPOLATE GRIDS                                                              
                                                  
 Reading instructions...
 
 Type of interpolation : Bilinear
 
 Constructing father grid...
 Constructing new grid...
 Constructing communication between grids...
 The submodels must be locate inside the father domain
 ConstructNewFatherGrid1D - HorizontalGrid - WARN20
 Number of instants in available data:            9
 Reading air temperature fields
 Interpolating : air temperature_00001           2
 Interpolating : air temperature_00002           4
 Interpolating : air temperature_00003           6
 Interpolating : air temperature_00004           8
 Interpolating : air temperature_00005          10
 Interpolating : air temperature_00006          12
 Interpolating : air temperature_00007          14
 Interpolating : air temperature_00008          16
 Interpolating : air temperature_00009          18
 Reading albedo fields
 Interpolating : albedo_00001          20
 Interpolating : albedo_00002          22
 Interpolating : albedo_00003          24
 Interpolating : albedo_00004          26
 Interpolating : albedo_00005          28
 Interpolating : albedo_00006          30
 Interpolating : albedo_00007          32
 Interpolating : albedo_00008          34
 Interpolating : albedo_00009          36
 Reading atmospheric pressure fields
 Interpolating : atmospheric pressure_00001          38
 Interpolating : atmospheric pressure_00002          40
 Interpolating : atmospheric pressure_00003          42
 Interpolating : atmospheric pressure_00004          44
 Interpolating : atmospheric pressure_00005          46
 Interpolating : atmospheric pressure_00006          48
 Interpolating : atmospheric pressure_00007          50
 Interpolating : atmospheric pressure_00008          52
 Interpolating : atmospheric pressure_00009          54
 Reading cloud cover fields
 Interpolating : cloud cover_00001          56
 Interpolating : cloud cover_00002          58
 Interpolating : cloud cover_00003          60
 Interpolating : cloud cover_00004          62
 Interpolating : cloud cover_00005          64
 Interpolating : cloud cover_00006          66
 Interpolating : cloud cover_00007          68
 Interpolating : cloud cover_00008          70
 Interpolating : cloud cover_00009          72
 Reading downward long wave radiation fields
 Interpolating : downward long wave radiation_00001          74
 Interpolating : downward long wave radiation_00002          76
 Interpolating : downward long wave radiation_00003          78
 Interpolating : downward long wave radiation_00004          80
 Interpolating : downward long wave radiation_00005          82
 Interpolating : downward long wave radiation_00006          84
 Interpolating : downward long wave radiation_00007          86
 Interpolating : downward long wave radiation_00008          88
 Interpolating : downward long wave radiation_00009          90
 Reading pbl height fields
 Interpolating : pbl height_00001          92
 Interpolating : pbl height_00002          94
 Interpolating : pbl height_00003          96
 Interpolating : pbl height_00004          98
 Interpolating : pbl height_00005         100
 Interpolating : pbl height_00006         102
 Interpolating : pbl height_00007         104
 Interpolating : pbl height_00008         106
 Interpolating : pbl height_00009         108
 Reading precipitation fields
 Interpolating : precipitation_00001         110
 Interpolating : precipitation_00002         112
 Interpolating : precipitation_00003         114
 Interpolating : precipitation_00004         116
 Interpolating : precipitation_00005         118
 Interpolating : precipitation_00006         120
 Interpolating : precipitation_00007         122
 Interpolating : precipitation_00008         124
 Interpolating : precipitation_00009         126
 Reading relative humidity fields
 Interpolating : relative humidity_00001         128
 Interpolating : relative humidity_00002         130
 Interpolating : relative humidity_00003         132
 Interpolating : relative humidity_00004         134
 Interpolating : relative humidity_00005         136
 Interpolating : relative humidity_00006         138
 Interpolating : relative humidity_00007         140
 Interpolating : relative humidity_00008         142
 Interpolating : relative humidity_00009         144
 Reading solar radiation fields
 Interpolating : solar radiation_00001         146
 Interpolating : solar radiation_00002         148
 Interpolating : solar radiation_00003         150
 Interpolating : solar radiation_00004         152
 Interpolating : solar radiation_00005         154
 Interpolating : solar radiation_00006         156
 Interpolating : solar radiation_00007         158
 Interpolating : solar radiation_00008         160
 Interpolating : solar radiation_00009         162
 Reading wind velocity X fields
 Interpolating : wind velocity X_00001         164
 Interpolating : wind velocity X_00002         166
 Interpolating : wind velocity X_00003         168
 Interpolating : wind velocity X_00004         170
 Interpolating : wind velocity X_00005         172
 Interpolating : wind velocity X_00006         174
 Interpolating : wind velocity X_00007         176
 Interpolating : wind velocity X_00008         178
 Interpolating : wind velocity X_00009         180
 Reading wind velocity Y fields
 Interpolating : wind velocity Y_00001         182
 Interpolating : wind velocity Y_00002         184
 Interpolating : wind velocity Y_00003         186
 Interpolating : wind velocity Y_00004         188
 Interpolating : wind velocity Y_00005         190
 Interpolating : wind velocity Y_00006         192
 Interpolating : wind velocity Y_00007         194
 Interpolating : wind velocity Y_00008         196
 Interpolating : wind velocity Y_00009         198
 Killing father grid...
 -------------------------- MOHID -------------------------
 
 Program ConvertToHDF5 successfully terminated
 
 
 Total Elapsed Time     :          23.81   0h  0min 23s

 Total CPU time         :          22.01

 CPU usage (%)          :          92.46

 
 ----------------------------------------------------------
