 Registered Module  : EnterData
 Registered Instance: EnterData
 Instance ID        :            1
 Registered Module  : Time
 Registered Instance: Time
 Instance ID        :            1
 Registered Instance: HDF5
 Instance ID        :            1
 Registered Module  : HorizontalGrid
 Registered Instance: HorizontalGrid
 Instance ID        :            1
 Registered Instance: EnterData
 Instance ID        :            2
 Registered Module  : GridData
 Registered Instance: GridData
 Instance ID        :            1
 Registered Instance: EnterData
 Instance ID        :            2
 Registered Module  : HorizontalMap
 Registered Instance: HorizontalMap
 Instance ID        :            1
 Registered Instance: HorizontalGrid
 Instance ID        :            2
 Registered Instance: EnterData
 Instance ID        :            2
 Registered Instance: GridData
 Instance ID        :            2
 Registered Instance: EnterData
 Instance ID        :            2
 Registered Instance: HorizontalMap
 Instance ID        :            2
 Registered Instance: HorizontalGrid
 Instance ID        :            3
 Registered Instance: HDF5
 Instance ID        :            2
 SUCCESSFUL  : 1
