 -------------------------- MOHID -------------------------
 
       AUTHOR   : IST/MARETEC, Marine Modelling Group      
       WWW      : http://www.mohid.com
 
 
 Copyright (C) 1985, 1998, 2002, 2006.
 Instituto Superior Tecnico, Technical University of Lisbon
 -------------------------- MOHID -------------------------
 
 Constructing ConvertToHDF5
 Please Wait...
 
 Running ConvertToHDF5...
 
 CONVERT NETCDF CF TO HDF5 MOHID                                                
                                                  
 Reading Plataforma_SE.nc
 
 Read Time NetCDF file...
 Read total time
 
 Read Grid NetCDF file...
 
 
 Read Grid 3D NetCDF file...
 
 Writing Grid 3D HDF5 file...
 Grid
 
 Writing Time HDF5 file...
 Reading Plataforma_SE.nc
 
 Read Time NetCDF file...
 Writing bathymetry...
 
 Writing Grid 3D HDF5 file...
 Write depth
 Read Write fields
 -------------------------- MOHID -------------------------
 
 Program ConvertToHDF5 successfully terminated
 
 
 Total Elapsed Time     :           3.98   0h  0min  3s

 Total CPU time         :           3.75

 CPU usage (%)          :          94.13

 
 ----------------------------------------------------------
